<?xml version="1.0" encoding="UTF-8"?>
<testng-results ignored="0" total="1" passed="1" failed="0" skipped="0">
  <reporter-output>
  </reporter-output>
  <suite started-at="2024-04-29T14:40:44 IST" name="Suite" finished-at="2024-04-29T14:41:29 IST" duration-ms="45072">
    <groups>
    </groups>
    <test started-at="2024-04-29T14:40:44 IST" name="Test" finished-at="2024-04-29T14:41:29 IST" duration-ms="45072">
      <class name="TestCaseFile.TestCaseF">
        <test-method is-config="true" signature="browserLunch()[pri:0, instance:TestCaseFile.TestCaseF@242aa8d9]" started-at="2024-04-29T14:40:44 IST" name="browserLunch" finished-at="2024-04-29T14:41:21 IST" duration-ms="36876" status="PASS">
          <reporter-output>
          </reporter-output>
        </test-method> <!-- browserLunch -->
        <test-method signature="openBrowser()[pri:0, instance:TestCaseFile.TestCaseF@242aa8d9]" started-at="2024-04-29T14:41:21 IST" name="openBrowser" finished-at="2024-04-29T14:41:27 IST" duration-ms="6512" status="PASS">
          <reporter-output>
          </reporter-output>
        </test-method> <!-- openBrowser -->
        <test-method is-config="true" signature="closeup()[pri:0, instance:TestCaseFile.TestCaseF@242aa8d9]" started-at="2024-04-29T14:41:28 IST" name="closeup" finished-at="2024-04-29T14:41:29 IST" duration-ms="1456" status="PASS">
          <reporter-output>
          </reporter-output>
        </test-method> <!-- closeup -->
      </class> <!-- TestCaseFile.TestCaseF -->
    </test> <!-- Test -->
  </suite> <!-- Suite -->
</testng-results>
